# JRE version: OpenJDK Runtime Environment (Zulu 8.68.0.21-CA-win64) (8.0_362-b09) (build 1.8.0_362-b09)
# Java VM: OpenJDK 64-Bit Server VM (25.362-b09 mixed mode windows-amd64 compressed oops)
Heap:
 PSYoungGen      total 681984K, used 178670K [0x00000000d5580000, 0x0000000100000000, 0x0000000100000000)
  eden space 664576K, 25% used [0x00000000d5580000,0x00000000dfa5d410,0x00000000fde80000)
  from space 17408K, 56% used [0x00000000fef00000,0x00000000ff89e4f8,0x0000000100000000)
  to   space 16896K, 0% used [0x00000000fde80000,0x00000000fde80000,0x00000000fef00000)
 ParOldGen       total 114688K, used 25264K [0x0000000080000000, 0x0000000087000000, 0x00000000d5580000)
  object space 114688K, 22% used [0x0000000080000000,0x00000000818ac108,0x0000000087000000)
 Metaspace       used 40339K, capacity 41838K, committed 41984K, reserved 1085440K
  class space    used 4773K, capacity 5303K, committed 5376K, reserved 1048576K
GC Heap History (10 events):
Event: 8.303 GC heap before
{Heap before GC invocations=6 (full 1):
 PSYoungGen      total 272896K, used 262144K [0x00000000d5580000, 0x00000000e6a80000, 0x0000000100000000)
  eden space 262144K, 100% used [0x00000000d5580000,0x00000000e5580000,0x00000000e5580000)
  from space 10752K, 0% used [0x00000000e6000000,0x00000000e6000000,0x00000000e6a80000)
  to   space 10752K, 0% used [0x00000000e5580000,0x00000000e5580000,0x00000000e6000000)
 ParOldGen       total 82432K, used 8292K [0x0000000080000000, 0x0000000085080000, 0x00000000d5580000)
  object space 82432K, 10% used [0x0000000080000000,0x00000000808190c0,0x0000000085080000)
 Metaspace       used 23733K, capacity 24116K, committed 24576K, reserved 1071104K
  class space    used 2577K, capacity 2705K, committed 2816K, reserved 1048576K
Event: 8.339 GC heap after
Heap after GC invocations=6 (full 1):
 PSYoungGen      total 272896K, used 6966K [0x00000000d5580000, 0x00000000f4880000, 0x0000000100000000)
  eden space 262144K, 0% used [0x00000000d5580000,0x00000000d5580000,0x00000000e5580000)
  from space 10752K, 64% used [0x00000000e5580000,0x00000000e5c4d988,0x00000000e6000000)
  to   space 11264K, 0% used [0x00000000f3d80000,0x00000000f3d80000,0x00000000f4880000)
 ParOldGen       total 82432K, used 8292K [0x0000000080000000, 0x0000000085080000, 0x00000000d5580000)
  object space 82432K, 10% used [0x0000000080000000,0x00000000808190c0,0x0000000085080000)
 Metaspace       used 23733K, capacity 24116K, committed 24576K, reserved 1071104K
  class space    used 2577K, capacity 2705K, committed 2816K, reserved 1048576K
}
Event: 13.812 GC heap before
{Heap before GC invocations=7 (full 1):
 PSYoungGen      total 272896K, used 269110K [0x00000000d5580000, 0x00000000f4880000, 0x0000000100000000)
  eden space 262144K, 100% used [0x00000000d5580000,0x00000000e5580000,0x00000000e5580000)
  from space 10752K, 64% used [0x00000000e5580000,0x00000000e5c4d988,0x00000000e6000000)
  to   space 11264K, 0% used [0x00000000f3d80000,0x00000000f3d80000,0x00000000f4880000)
 ParOldGen       total 82432K, used 8292K [0x0000000080000000, 0x0000000085080000, 0x00000000d5580000)
  object space 82432K, 10% used [0x0000000080000000,0x00000000808190c0,0x0000000085080000)
 Metaspace       used 30529K, capacity 31460K, committed 31744K, reserved 1077248K
  class space    used 3517K, capacity 3765K, committed 3840K, reserved 1048576K
Event: 13.898 GC heap after
Heap after GC invocations=7 (full 1):
 PSYoungGen      total 491520K, used 11232K [0x00000000d5580000, 0x00000000f4880000, 0x0000000100000000)
  eden space 480256K, 0% used [0x00000000d5580000,0x00000000d5580000,0x00000000f2a80000)
  from space 11264K, 99% used [0x00000000f3d80000,0x00000000f4878158,0x00000000f4880000)
  to   space 13824K, 0% used [0x00000000f2d80000,0x00000000f2d80000,0x00000000f3b00000)
 ParOldGen       total 82432K, used 10183K [0x0000000080000000, 0x0000000085080000, 0x00000000d5580000)
  object space 82432K, 12% used [0x0000000080000000,0x00000000809f1d18,0x0000000085080000)
 Metaspace       used 30529K, capacity 31460K, committed 31744K, reserved 1077248K
  class space    used 3517K, capacity 3765K, committed 3840K, reserved 1048576K
}
Event: 17.609 GC heap before
{Heap before GC invocations=8 (full 1):
 PSYoungGen      total 491520K, used 373150K [0x00000000d5580000, 0x00000000f4880000, 0x0000000100000000)
  eden space 480256K, 75% used [0x00000000d5580000,0x00000000eb6ef7d8,0x00000000f2a80000)
  from space 11264K, 99% used [0x00000000f3d80000,0x00000000f4878158,0x00000000f4880000)
  to   space 13824K, 0% used [0x00000000f2d80000,0x00000000f2d80000,0x00000000f3b00000)
 ParOldGen       total 82432K, used 10183K [0x0000000080000000, 0x0000000085080000, 0x00000000d5580000)
  object space 82432K, 12% used [0x0000000080000000,0x00000000809f1d18,0x0000000085080000)
 Metaspace       used 34197K, capacity 35400K, committed 35496K, reserved 1081344K
  class space    used 3922K, capacity 4349K, committed 4352K, reserved 1048576K
Event: 17.634 GC heap after
Heap after GC invocations=8 (full 1):
 PSYoungGen      total 497152K, used 13804K [0x00000000d5580000, 0x0000000100000000, 0x0000000100000000)
  eden space 483328K, 0% used [0x00000000d5580000,0x00000000d5580000,0x00000000f2d80000)
  from space 13824K, 99% used [0x00000000f2d80000,0x00000000f3afb2e8,0x00000000f3b00000)
  to   space 17408K, 0% used [0x00000000fef00000,0x00000000fef00000,0x0000000100000000)
 ParOldGen       total 82432K, used 13761K [0x0000000080000000, 0x0000000085080000, 0x00000000d5580000)
  object space 82432K, 16% used [0x0000000080000000,0x0000000080d70758,0x0000000085080000)
 Metaspace       used 34197K, capacity 35400K, committed 35496K, reserved 1081344K
  class space    used 3922K, capacity 4349K, committed 4352K, reserved 1048576K
}
Event: 17.634 GC heap before
{Heap before GC invocations=9 (full 2):
 PSYoungGen      total 497152K, used 13804K [0x00000000d5580000, 0x0000000100000000, 0x0000000100000000)
  eden space 483328K, 0% used [0x00000000d5580000,0x00000000d5580000,0x00000000f2d80000)
  from space 13824K, 99% used [0x00000000f2d80000,0x00000000f3afb2e8,0x00000000f3b00000)
  to   space 17408K, 0% used [0x00000000fef00000,0x00000000fef00000,0x0000000100000000)
 ParOldGen       total 82432K, used 13761K [0x0000000080000000, 0x0000000085080000, 0x00000000d5580000)
  object space 82432K, 16% used [0x0000000080000000,0x0000000080d70758,0x0000000085080000)
 Metaspace       used 34197K, capacity 35400K, committed 35496K, reserved 1081344K
  class space    used 3922K, capacity 4349K, committed 4352K, reserved 1048576K
Event: 17.803 GC heap after
Heap after GC invocations=9 (full 2):
 PSYoungGen      total 497152K, used 0K [0x00000000d5580000, 0x0000000100000000, 0x0000000100000000)
  eden space 483328K, 0% used [0x00000000d5580000,0x00000000d5580000,0x00000000f2d80000)
  from space 13824K, 0% used [0x00000000f2d80000,0x00000000f2d80000,0x00000000f3b00000)
  to   space 17408K, 0% used [0x00000000fef00000,0x00000000fef00000,0x0000000100000000)
 ParOldGen       total 114688K, used 25256K [0x0000000080000000, 0x0000000087000000, 0x00000000d5580000)
  object space 114688K, 22% used [0x0000000080000000,0x00000000818aa108,0x0000000087000000)
 Metaspace       used 34197K, capacity 35400K, committed 35496K, reserved 1081344K
  class space    used 3922K, capacity 4349K, committed 4352K, reserved 1048576K
}
Event: 34.140 GC heap before
{Heap before GC invocations=10 (full 2):
 PSYoungGen      total 497152K, used 483328K [0x00000000d5580000, 0x0000000100000000, 0x0000000100000000)
  eden space 483328K, 100% used [0x00000000d5580000,0x00000000f2d80000,0x00000000f2d80000)
  from space 13824K, 0% used [0x00000000f2d80000,0x00000000f2d80000,0x00000000f3b00000)
  to   space 17408K, 0% used [0x00000000fef00000,0x00000000fef00000,0x0000000100000000)
 ParOldGen       total 114688K, used 25256K [0x0000000080000000, 0x0000000087000000, 0x00000000d5580000)
  object space 114688K, 22% used [0x0000000080000000,0x00000000818aa108,0x0000000087000000)
 Metaspace       used 39980K, capacity 41526K, committed 41728K, reserved 1085440K
  class space    used 4736K, capacity 5251K, committed 5376K, reserved 1048576K
Event: 34.159 GC heap after
Heap after GC invocations=10 (full 2):
 PSYoungGen      total 681984K, used 9849K [0x00000000d5580000, 0x0000000100000000, 0x0000000100000000)
  eden space 664576K, 0% used [0x00000000d5580000,0x00000000d5580000,0x00000000fde80000)
  from space 17408K, 56% used [0x00000000fef00000,0x00000000ff89e4f8,0x0000000100000000)
  to   space 16896K, 0% used [0x00000000fde80000,0x00000000fde80000,0x00000000fef00000)
 ParOldGen       total 114688K, used 25264K [0x0000000080000000, 0x0000000087000000, 0x00000000d5580000)
  object space 114688K, 22% used [0x0000000080000000,0x00000000818ac108,0x0000000087000000)
 Metaspace       used 39980K, capacity 41526K, committed 41728K, reserved 1085440K
  class space    used 4736K, capacity 5251K, committed 5376K, reserved 1048576K
}

